<?xml version="1.0" encoding="UTF-8" ?>
<testsuite errors="0" failures="0" hostname="ine" name="domain.EightPuzzleGameTest" skipped="0" tests="6" time="0.155" timestamp="2017-05-02T12:16:27">
  <properties>
[...]
</properties>
  <testcase classname="domain.EightPuzzleGameTest" name="moveDownTest" time="0.022" />
  <testcase classname="domain.EightPuzzleGameTest" name="moveNullTest" time="0.013" />
  <testcase classname="domain.EightPuzzleGameTest" name="putTilesInTheBoard" time="0.011" />
  <testcase classname="domain.EightPuzzleGameTest" name="moveUpTest" time="0.009" />
  <testcase classname="domain.EightPuzzleGameTest" name="moveLeftTest" time="0.016" />
  <testcase classname="domain.EightPuzzleGameTest" name="moveRightTest" time="0.011" />
  <system-out><![CDATA[
Inicio do teste -> moveDownTest
(1,1):1   (1,2):2   (1,3):   
(2,1):4   (2,2):5   (2,3):3   
(3,1):7   (3,2):8   (3,3):6   

--------------------------------------
Begin test capture for : domain/EightPuzzleGameTest.moveDownTest()V
(1,1):1   (1,2):2   (1,3):3   
(2,1):4   (2,2):5   (2,3):   
(3,1):7   (3,2):8   (3,3):6   

State Coverage Report for domain/EightPuzzleGameTest.moveDownTest()V
Modified states: 4 [ "domain/Position.column", "domain/Position.line", "domain/Cell.tile", "domain/PuzzleGame.emptyCell" ]
Covered states: 3 [ "domain/Position.line", "domain/EightPuzzleGameTest.pg", "domain/PuzzleGame.emptyCell" ]
State Coverage: 0.5
End test capture for : domain/EightPuzzleGameTest.moveDownTest()V
--------------------------------------
Fim do teste 	-> moveDownTest

Inicio do teste -> moveNullTest
(1,1):1   (1,2):2   (1,3):   
(2,1):4   (2,2):5   (2,3):3   
(3,1):7   (3,2):8   (3,3):6   

--------------------------------------
Begin test capture for : domain/EightPuzzleGameTest.moveNullTest()V
(1,1):1   (1,2):2   (1,3):   
(2,1):4   (2,2):5   (2,3):3   
(3,1):7   (3,2):8   (3,3):6   

State Coverage Report for domain/EightPuzzleGameTest.moveNullTest()V
Modified states: 0 [  ]
Covered states: 2 [ "domain/EightPuzzleGameTest.pg", "RIGHT" ]
State Coverage: 0.0
End test capture for : domain/EightPuzzleGameTest.moveNullTest()V
--------------------------------------
Fim do teste 	-> moveNullTest

Inicio do teste -> putTilesInTheBoard
(1,1):1   (1,2):2   (1,3):3   
(2,1):4   (2,2):5   (2,3):6   
(3,1):   (3,2):7   (3,3):8   

--------------------------------------
Begin test capture for : domain/EightPuzzleGameTest.putTilesInTheBoard()V
(1,1):10   (1,2):11   (1,3):12   
(2,1):13   (2,2):14   (2,3):15   
(3,1):16   (3,2):17   (3,3):8   

State Coverage Report for domain/EightPuzzleGameTest.putTilesInTheBoard()V
Modified states: 5 [ "domain/Tile.hash", "domain/Position.column", "domain/Position.line", "domain/Tile.number", "domain/Cell.tile" ]
Covered states: 2 [ "domain/EightPuzzleGameTest.pg", "domain/PuzzleGame.board" ]
State Coverage: 0.0
End test capture for : domain/EightPuzzleGameTest.putTilesInTheBoard()V
--------------------------------------
Fim do teste 	-> putTilesInTheBoard

Inicio do teste -> moveUpTest
(1,1):1   (1,2):2   (1,3):3   
(2,1):4   (2,2):5   (2,3):6   
(3,1):7   (3,2):8   (3,3):   

--------------------------------------
Begin test capture for : domain/EightPuzzleGameTest.moveUpTest()V
(1,1):1   (1,2):2   (1,3):3   
(2,1):4   (2,2):5   (2,3):   
(3,1):7   (3,2):8   (3,3):6   

State Coverage Report for domain/EightPuzzleGameTest.moveUpTest()V
Modified states: 4 [ "domain/Position.column", "domain/Position.line", "domain/Cell.tile", "domain/PuzzleGame.emptyCell" ]
Covered states: 3 [ "domain/Position.line", "domain/EightPuzzleGameTest.pg", "domain/PuzzleGame.emptyCell" ]
State Coverage: 0.5
End test capture for : domain/EightPuzzleGameTest.moveUpTest()V
--------------------------------------
Fim do teste 	-> moveUpTest

Inicio do teste -> moveLeftTest
(1,1):1   (1,2):2   (1,3):3   
(2,1):4   (2,2):   (2,3):5   
(3,1):7   (3,2):8   (3,3):6   

--------------------------------------
Begin test capture for : domain/EightPuzzleGameTest.moveLeftTest()V
(1,1):1   (1,2):2   (1,3):3   
(2,1):   (2,2):4   (2,3):5   
(3,1):7   (3,2):8   (3,3):6   

State Coverage Report for domain/EightPuzzleGameTest.moveLeftTest()V
Modified states: 4 [ "domain/Position.column", "domain/Position.line", "domain/Cell.tile", "domain/PuzzleGame.emptyCell" ]
Covered states: 3 [ "domain/Position.column", "domain/EightPuzzleGameTest.pg", "domain/PuzzleGame.emptyCell" ]
State Coverage: 0.5
End test capture for : domain/EightPuzzleGameTest.moveLeftTest()V
--------------------------------------
Fim do teste 	-> moveLeftTest

Inicio do teste -> moveRightTest
(1,1):1   (1,2):2   (1,3):   
(2,1):4   (2,2):5   (2,3):3   
(3,1):7   (3,2):8   (3,3):6   

--------------------------------------
Begin test capture for : domain/EightPuzzleGameTest.moveRightTest()V
(1,1):1   (1,2):2   (1,3):   
(2,1):4   (2,2):5   (2,3):3   
(3,1):7   (3,2):8   (3,3):6   

State Coverage Report for domain/EightPuzzleGameTest.moveRightTest()V
Modified states: 0 [  ]
Covered states: 3 [ "domain/Position.column", "domain/EightPuzzleGameTest.pg", "domain/PuzzleGame.emptyCell" ]
State Coverage: 0.0
End test capture for : domain/EightPuzzleGameTest.moveRightTest()V
--------------------------------------
Fim do teste 	-> moveRightTest
]]></system-out>
  <system-err><![CDATA[]]></system-err>
</testsuite>
