<?xml version="1.0" encoding="UTF-8" ?>
<testsuite errors="0" failures="0" hostname="ine" name="domain.EightPuzzleGameTest" skipped="0" tests="6" time="0.079" timestamp="2017-05-09T11:31:14">
  <properties>
[...]
</properties>
  <testcase classname="domain.EightPuzzleGameTest" name="moveDownTest" time="0.014" />
  <testcase classname="domain.EightPuzzleGameTest" name="moveLeftTest" time="0.001" />
  <testcase classname="domain.EightPuzzleGameTest" name="moveRightTest" time="0.002" />
  <testcase classname="domain.EightPuzzleGameTest" name="moveNullTest" time="0.002" />
  <testcase classname="domain.EightPuzzleGameTest" name="putTilesInTheBoard" time="0.003" />
  <testcase classname="domain.EightPuzzleGameTest" name="moveUpTest" time="0.002" />
  <system-out><![CDATA[
Inicio do teste -> moveDownTest
(1,1):1   (1,2):2   (1,3):3   
(2,1):4   (2,2):5   (2,3):6   
(3,1):7   (3,2):8   (3,3):   

(1,1):1   (1,2):2   (1,3):3   
(2,1):4   (2,2):5   (2,3):6   
(3,1):7   (3,2):8   (3,3):   

Fim do teste 	-> moveDownTest

Inicio do teste -> moveLeftTest
(1,1):1   (1,2):2   (1,3):3   
(2,1):4   (2,2):   (2,3):6   
(3,1):7   (3,2):5   (3,3):8   

(1,1):1   (1,2):2   (1,3):3   
(2,1):   (2,2):4   (2,3):6   
(3,1):7   (3,2):5   (3,3):8   

Fim do teste 	-> moveLeftTest

Inicio do teste -> moveRightTest
(1,1):1   (1,2):2   (1,3):3   
(2,1):4   (2,2):   (2,3):6   
(3,1):7   (3,2):5   (3,3):8   

(1,1):1   (1,2):2   (1,3):3   
(2,1):4   (2,2):6   (2,3):   
(3,1):7   (3,2):5   (3,3):8   

Fim do teste 	-> moveRightTest

Inicio do teste -> moveNullTest
(1,1):1   (1,2):2   (1,3):3   
(2,1):4   (2,2):5   (2,3):6   
(3,1):   (3,2):7   (3,3):8   

(1,1):1   (1,2):2   (1,3):3   
(2,1):4   (2,2):5   (2,3):6   
(3,1):   (3,2):7   (3,3):8   

Fim do teste 	-> moveNullTest

Inicio do teste -> putTilesInTheBoard
(1,1):1   (1,2):2   (1,3):3   
(2,1):4   (2,2):5   (2,3):6   
(3,1):   (3,2):7   (3,3):8   

(1,1):10   (1,2):11   (1,3):12   
(2,1):13   (2,2):14   (2,3):15   
(3,1):16   (3,2):17   (3,3):8   

Fim do teste 	-> putTilesInTheBoard

Inicio do teste -> moveUpTest
(1,1):   (1,2):2   (1,3):3   
(2,1):1   (2,2):5   (2,3):6   
(3,1):4   (3,2):7   (3,3):8   

(1,1):   (1,2):2   (1,3):3   
(2,1):1   (2,2):5   (2,3):6   
(3,1):4   (3,2):7   (3,3):8   

Fim do teste 	-> moveUpTest
]]></system-out>
  <system-err><![CDATA[]]></system-err>
</testsuite>
