<?xml version="1.0" encoding="UTF-8" ?>
<testsuite errors="0" failures="0" hostname="ine" name="testes.TesteMercadoComProduto" skipped="0" tests="1" time="0.096" timestamp="2017-05-16T12:12:06">
  <properties>
[...]
</properties>
  <testcase classname="testes.TesteMercadoComProduto" name="TesteMercadoComUmProdutoDoJoao" time="0.027" />
  <system-out><![CDATA[--------------------------------------
Begin test capture for : testes/TesteMercadoComProduto.TesteMercadoComUmProdutoDoJoao()V
State Coverage Report for testes/TesteMercadoComProduto.TesteMercadoComUmProdutoDoJoao()V
Modified states: 21 [ "testes/TesteMercadoComProduto.dataLimiteProduto", "testes/TesteMercadoComProduto.valorMinimoProduto", "testes/TesteMercadoComProduto.emailUsuario", "modelo/ProdutoLeilao.dataLimite", "modelo/Usuario.bensOfertados", "modelo/Produto.descricao", "modelo/Usuario.cpf", "modelo/ProdutoLeilao.leiloador", "modelo/Usuario.nome", "modelo/Usuario.endereco", "modelo/ProdutoLeilao.lanceMinimo", "testes/TesteMercadoComProduto.nomeProduto", "modelo/Usuario.email", "testes/TesteMercadoComProduto.enderecoUsuario", "modelo/Usuario.bensComprados", "testes/TesteMercadoComProduto.descricaoProduto", "modelo/Produto.nome", "testes/TesteMercadoComProduto.cpfLeiloadorProduto", "modelo/ProdutoLeilao.lancesEfetuados", "testes/TesteMercadoComProduto.nomeUsuario", "modelo/MercadoLeilao.produtosEmLeilao" ]
Covered states: 2 [ "testes/TesteMercadoComProduto.cpfLeiloadorProduto", "testes/TesteMercadoComProduto.mercado" ]
State Coverage: 0.047619047619047616
End test capture for : testes/TesteMercadoComProduto.TesteMercadoComUmProdutoDoJoao()V
--------------------------------------
]]></system-out>
  <system-err><![CDATA[]]></system-err>
</testsuite>
