<?xml version="1.0" encoding="UTF-8" ?>
<testsuite errors="0" failures="0" hostname="ine" name="testes.TesteMercadoLeilaoDalance" skipped="0" tests="9" time="0.167" timestamp="2017-05-16T12:12:06">
  <properties>
[...]
</properties>
  <testcase classname="testes.TesteMercadoLeilaoDalance" name="testNaoExisteProduto" time="0.007" />
  <testcase classname="testes.TesteMercadoLeilaoDalance" name="testNaoExisteComprador" time="0.001" />
  <testcase classname="testes.TesteMercadoLeilaoDalance" name="testValorInferior" time="0.001" />
  <testcase classname="testes.TesteMercadoLeilaoDalance" name="testDoisLancesSegundoInferiorAoPrimeiro" time="0.001" />
  <testcase classname="testes.TesteMercadoLeilaoDalance" name="testDoisLancesMesmoUsuarioIguais" time="0.001" />
  <testcase classname="testes.TesteMercadoLeilaoDalance" name="testDoisLancesMesmoUsuario" time="0.017" />
  <testcase classname="testes.TesteMercadoLeilaoDalance" name="testDoisLancesDoisUsuario" time="0.005" />
  <testcase classname="testes.TesteMercadoLeilaoDalance" name="testLance" time="0.005" />
  <testcase classname="testes.TesteMercadoLeilaoDalance" name="testLanceMinimo" time="0.004" />
  <system-out><![CDATA[--------------------------------------
Begin test capture for : testes/TesteMercadoLeilaoDalance.testNaoExisteProduto()V
--------------------------------------
Begin test capture for : testes/TesteMercadoLeilaoDalance.testNaoExisteComprador()V
--------------------------------------
Begin test capture for : testes/TesteMercadoLeilaoDalance.testValorInferior()V
--------------------------------------
Begin test capture for : testes/TesteMercadoLeilaoDalance.testDoisLancesSegundoInferiorAoPrimeiro()V
--------------------------------------
Begin test capture for : testes/TesteMercadoLeilaoDalance.testDoisLancesMesmoUsuarioIguais()V
--------------------------------------
Begin test capture for : testes/TesteMercadoLeilaoDalance.testDoisLancesMesmoUsuario()V
State Coverage Report for testes/TesteMercadoLeilaoDalance.testDoisLancesMesmoUsuario()V
Modified states: 4 [ "modelo/Lance.valorDoLance", "modelo/Lance.produtoQueRecebeuOLance", "modelo/Lance.donoDoLance", "modelo/ProdutoLeilao.lancesEfetuados" ]
Covered states: 0 [  ]
State Coverage: 0.0
End test capture for : testes/TesteMercadoLeilaoDalance.testDoisLancesMesmoUsuario()V
--------------------------------------
--------------------------------------
Begin test capture for : testes/TesteMercadoLeilaoDalance.testDoisLancesDoisUsuario()V
State Coverage Report for testes/TesteMercadoLeilaoDalance.testDoisLancesDoisUsuario()V
Modified states: 10 [ "modelo/Usuario.endereco", "modelo/Usuario.email", "modelo/Usuario.bensComprados", "modelo/Usuario.bensOfertados", "modelo/Lance.valorDoLance", "modelo/Lance.produtoQueRecebeuOLance", "modelo/Usuario.cpf", "modelo/Lance.donoDoLance", "modelo/Usuario.nome", "modelo/ProdutoLeilao.lancesEfetuados" ]
Covered states: 0 [  ]
State Coverage: 0.0
End test capture for : testes/TesteMercadoLeilaoDalance.testDoisLancesDoisUsuario()V
--------------------------------------
--------------------------------------
Begin test capture for : testes/TesteMercadoLeilaoDalance.testLance()V
State Coverage Report for testes/TesteMercadoLeilaoDalance.testLance()V
Modified states: 4 [ "modelo/Lance.valorDoLance", "modelo/Lance.produtoQueRecebeuOLance", "modelo/Lance.donoDoLance", "modelo/ProdutoLeilao.lancesEfetuados" ]
Covered states: 0 [  ]
State Coverage: 0.0
End test capture for : testes/TesteMercadoLeilaoDalance.testLance()V
--------------------------------------
--------------------------------------
Begin test capture for : testes/TesteMercadoLeilaoDalance.testLanceMinimo()V
State Coverage Report for testes/TesteMercadoLeilaoDalance.testLanceMinimo()V
Modified states: 4 [ "modelo/Lance.valorDoLance", "modelo/Lance.produtoQueRecebeuOLance", "modelo/Lance.donoDoLance", "modelo/ProdutoLeilao.lancesEfetuados" ]
Covered states: 0 [  ]
State Coverage: 0.0
End test capture for : testes/TesteMercadoLeilaoDalance.testLanceMinimo()V
--------------------------------------
]]></system-out>
  <system-err><![CDATA[]]></system-err>
</testsuite>
